<?xml version="1.0" encoding="UTF-8"?>
<!-- Generated by org.testng.reporters.JUnitReportReporter -->
<testsuite hostname="DESKTOP-0SJIJR0" failures="0" tests="2" name="com.sel.qa.testCases.LoginPageTest" time="6.262" errors="0" timestamp="10 May 2023 15:53:59 GMT" skipped="1">
  <testcase classname="com.sel.qa.testCases.LoginPageTest" name="loginPageTitleTest" time="6.262"/>
  <testcase classname="com.sel.qa.testCases.LoginPageTest" name="Bookmark">
    <skipped/>
  </testcase> <!-- Bookmark -->
</testsuite> <!-- com.sel.qa.testCases.LoginPageTest -->
