<?xml version="1.0" encoding="UTF-8"?>
<!-- Generated by org.testng.reporters.JUnitReportReporter -->
<testsuite hostname="DESKTOP-0SJIJR0" failures="0" tests="2" name="com.sel.qa.testCases.OrderPageTest" time="48.916" errors="0" timestamp="10 May 2023 13:08:48 GMT" skipped="0">
  <testcase classname="com.sel.qa.testCases.OrderPageTest" name="Amountvalidate" time="22.349"/>
  <testcase classname="com.sel.qa.testCases.OrderPageTest" name="dateandtimevalidate" time="26.567"/>
</testsuite> <!-- com.sel.qa.testCases.OrderPageTest -->
