<?xml version="1.0" encoding="UTF-8"?>
<!-- Generated by org.testng.reporters.JUnitReportReporter -->
<testsuite hostname="DESKTOP-0SJIJR0" failures="0" tests="1" name="com.sel.qa.testCases.CheckoutPageTest" time="30.817" errors="0" timestamp="10 May 2023 15:53:59 GMT" skipped="0">
  <testcase classname="com.sel.qa.testCases.CheckoutPageTest" name="successfullyorder" time="30.817"/>
</testsuite> <!-- com.sel.qa.testCases.CheckoutPageTest -->
