<?xml version="1.0" encoding="UTF-8"?>
<!-- Generated by org.testng.reporters.JUnitReportReporter -->
<testsuite hostname="DESKTOP-0SJIJR0" failures="0" tests="2" name="com.sel.qa.testCases.OrderPageTest" time="51.050" errors="0" timestamp="10 May 2023 15:53:59 GMT" skipped="0">
  <testcase classname="com.sel.qa.testCases.OrderPageTest" name="Amountvalidate" time="23.666"/>
  <testcase classname="com.sel.qa.testCases.OrderPageTest" name="dateandtimevalidate" time="27.384"/>
</testsuite> <!-- com.sel.qa.testCases.OrderPageTest -->
